Установка Vanessa.drt
Подготовка и первый запуск VA.drt
Работа со справкой языка GERKIN список шагов.drt
Оформить шаги тестирования по группам.drt
Написать тест на языке Gerkhin.drt
Описание ключевых шагов в тексте теста.drt
Запустим обработку VA.drt
Написать тест на языке Gerkhin.drt
Описание ключевых шагов в тексте теста.drt
Оформить шаги тестирования по группам.drt
Подготовка и первый запуск VA.drt
Работа со справкой языка GERKIN список шагов.drt
Установка Vanessa.drt
Настройка проверок в тесте.drt
Получить данные текущей табличной части.drt
Выполнить отдельный шаг.drt
Получим данные формы.drt
Проверка значений в полях Списка.drt
Проверка значений в полях Формы.drt
Отредактировать таблицу.drt
Проверка значений в табличной части.drt
Запуск теста с нужного шага.drt
Пропишем путь до файла allure.bat в системную переменную path.drt
Установка программы Allure для подготовки отчетности по автотестированию.drt
Настроить отчетность Allure в VA.drt
Расшифровка отчета Allure.drt
Натроить отчетность Allure.drt
Запуск теста на менеджере тестирования.drt
Описание специальных символов языка Gerkin.drt
~Написание тестов на Vanessa.drt
Создание документа Заказ.drt
